{
"contracts/ERC_721.sol":{"l":{"25":66,"26":66,"42":0,"48":5,"49":5,"53":8,"54":8,"58":1,"59":1,"63":3,"64":3,"69":2,"71":2,"75":1,"76":1,"84":5,"94":6,"95":6,"97":5,"99":4,"100":4,"101":4,"103":4,"105":4,"109":2,"111":2,"130":1,"132":1,"146":21,"147":20,"149":18,"150":18,"152":18,"156":2,"157":2,"159":2,"161":2,"162":2,"164":2},"path":"/home/appinventiv/Desktop/Erc721_Token/contracts/ERC_721.sol","s":{"1":0,"2":5,"3":8,"4":8,"5":1,"6":3,"7":3,"8":2,"9":1,"10":1,"11":5,"12":6,"13":6,"14":5,"15":4,"16":2,"17":2,"18":1,"19":1,"20":21,"21":20,"22":18,"23":2,"24":2,"25":2},"b":{"1":[0,0],"2":[5,0],"3":[8,0],"4":[2,1],"5":[2,0],"6":[1,0],"7":[4,0],"8":[0,0],"9":[6,0],"10":[5,1],"11":[4,1],"12":[2,0],"13":[1,1],"14":[1,0],"15":[1,0],"16":[20,1],"17":[18,2],"18":[2,0]},"f":{"1":66,"2":0,"3":5,"4":8,"5":1,"6":3,"7":1,"8":5,"9":6,"10":2,"11":1,"12":21,"13":2},"fnMap":{"1":{"name":"constructor","line":24,"loc":{"start":{"line":24,"column":4},"end":{"line":27,"column":4}}},"2":{"name":"supportsInterface","line":37,"loc":{"start":{"line":37,"column":4},"end":{"line":45,"column":4}}},"3":{"name":"ownerOf","line":47,"loc":{"start":{"line":47,"column":4},"end":{"line":50,"column":4}}},"4":{"name":"balanceOf","line":52,"loc":{"start":{"line":52,"column":4},"end":{"line":55,"column":4}}},"5":{"name":"setApprovalForAll","line":57,"loc":{"start":{"line":57,"column":4},"end":{"line":60,"column":4}}},"6":{"name":"approve","line":62,"loc":{"start":{"line":62,"column":4},"end":{"line":72,"column":4}}},"7":{"name":"getApproved","line":74,"loc":{"start":{"line":74,"column":4},"end":{"line":77,"column":4}}},"8":{"name":"_isApprovedOrOwner","line":79,"loc":{"start":{"line":79,"column":4},"end":{"line":87,"column":4}}},"9":{"name":"transferFrom","line":89,"loc":{"start":{"line":89,"column":4},"end":{"line":106,"column":4}}},"10":{"name":"safeTransferFrom","line":108,"loc":{"start":{"line":108,"column":4},"end":{"line":122,"column":4}}},"11":{"name":"safeTransferFrom","line":124,"loc":{"start":{"line":124,"column":4},"end":{"line":143,"column":4}}},"12":{"name":"_mint","line":145,"loc":{"start":{"line":145,"column":4},"end":{"line":153,"column":4}}},"13":{"name":"_burn","line":155,"loc":{"start":{"line":155,"column":4},"end":{"line":165,"column":4}}}},"statementMap":{"1":{"start":{"line":42,"column":8},"end":{"line":42,"column":1023}},"2":{"start":{"line":49,"column":8},"end":{"line":49,"column":58}},"3":{"start":{"line":53,"column":8},"end":{"line":53,"column":59}},"4":{"start":{"line":54,"column":8},"end":{"line":54,"column":32}},"5":{"start":{"line":59,"column":8},"end":{"line":59,"column":59}},"6":{"start":{"line":63,"column":8},"end":{"line":63,"column":36}},"7":{"start":{"line":64,"column":8},"end":{"line":64,"column":1749}},"8":{"start":{"line":71,"column":8},"end":{"line":71,"column":41}},"9":{"start":{"line":75,"column":8},"end":{"line":75,"column":65}},"10":{"start":{"line":76,"column":8},"end":{"line":76,"column":29}},"11":{"start":{"line":84,"column":8},"end":{"line":84,"column":2302}},"12":{"start":{"line":94,"column":8},"end":{"line":94,"column":53}},"13":{"start":{"line":95,"column":8},"end":{"line":95,"column":60}},"14":{"start":{"line":97,"column":8},"end":{"line":97,"column":74}},"15":{"start":{"line":105,"column":8},"end":{"line":105,"column":35}},"16":{"start":{"line":109,"column":8},"end":{"line":109,"column":31}},"17":{"start":{"line":111,"column":8},"end":{"line":111,"column":2968}},"18":{"start":{"line":130,"column":8},"end":{"line":130,"column":33}},"19":{"start":{"line":132,"column":8},"end":{"line":132,"column":3480}},"20":{"start":{"line":146,"column":8},"end":{"line":146,"column":56}},"21":{"start":{"line":147,"column":8},"end":{"line":147,"column":60}},"22":{"start":{"line":152,"column":8},"end":{"line":152,"column":41}},"23":{"start":{"line":156,"column":8},"end":{"line":156,"column":36}},"24":{"start":{"line":157,"column":8},"end":{"line":157,"column":49}},"25":{"start":{"line":164,"column":8},"end":{"line":164,"column":44}}},"branchMap":{"1":{"line":43,"type":"cond-expr","locations":[{"start":{"line":43,"column":12},"end":{"line":43,"column":51}},{"start":{"line":44,"column":12},"end":{"line":44,"column":51}}]},"2":{"line":49,"type":"if","locations":[{"start":{"line":49,"column":8},"end":{"line":49,"column":8}},{"start":{"line":49,"column":8},"end":{"line":49,"column":8}}]},"3":{"line":53,"type":"if","locations":[{"start":{"line":53,"column":8},"end":{"line":53,"column":8}},{"start":{"line":53,"column":8},"end":{"line":53,"column":8}}]},"4":{"line":64,"type":"if","locations":[{"start":{"line":64,"column":8},"end":{"line":64,"column":8}},{"start":{"line":64,"column":8},"end":{"line":64,"column":8}}]},"5":{"line":65,"type":"cond-expr","locations":[{"start":{"line":65,"column":12},"end":{"line":65,"column":30}},{"start":{"line":65,"column":35},"end":{"line":65,"column":69}}]},"6":{"line":75,"type":"if","locations":[{"start":{"line":75,"column":8},"end":{"line":75,"column":8}},{"start":{"line":75,"column":8},"end":{"line":75,"column":8}}]},"7":{"line":84,"type":"cond-expr","locations":[{"start":{"line":84,"column":16},"end":{"line":84,"column":31}},{"start":{"line":85,"column":12},"end":{"line":85,"column":43}}]},"8":{"line":84,"type":"cond-expr","locations":[{"start":{"line":84,"column":16},"end":{"line":85,"column":43}},{"start":{"line":86,"column":12},"end":{"line":86,"column":36}}]},"9":{"line":94,"type":"if","locations":[{"start":{"line":94,"column":8},"end":{"line":94,"column":8}},{"start":{"line":94,"column":8},"end":{"line":94,"column":8}}]},"10":{"line":95,"type":"if","locations":[{"start":{"line":95,"column":8},"end":{"line":95,"column":8}},{"start":{"line":95,"column":8},"end":{"line":95,"column":8}}]},"11":{"line":97,"type":"if","locations":[{"start":{"line":97,"column":8},"end":{"line":97,"column":8}},{"start":{"line":97,"column":8},"end":{"line":97,"column":8}}]},"12":{"line":111,"type":"if","locations":[{"start":{"line":111,"column":8},"end":{"line":111,"column":8}},{"start":{"line":111,"column":8},"end":{"line":111,"column":8}}]},"13":{"line":112,"type":"cond-expr","locations":[{"start":{"line":112,"column":12},"end":{"line":112,"column":30}},{"start":{"line":113,"column":16},"end":{"line":119,"column":56}}]},"14":{"line":132,"type":"if","locations":[{"start":{"line":132,"column":8},"end":{"line":132,"column":8}},{"start":{"line":132,"column":8},"end":{"line":132,"column":8}}]},"15":{"line":133,"type":"cond-expr","locations":[{"start":{"line":133,"column":12},"end":{"line":133,"column":30}},{"start":{"line":134,"column":16},"end":{"line":140,"column":56}}]},"16":{"line":146,"type":"if","locations":[{"start":{"line":146,"column":8},"end":{"line":146,"column":8}},{"start":{"line":146,"column":8},"end":{"line":146,"column":8}}]},"17":{"line":147,"type":"if","locations":[{"start":{"line":147,"column":8},"end":{"line":147,"column":8}},{"start":{"line":147,"column":8},"end":{"line":147,"column":8}}]},"18":{"line":157,"type":"if","locations":[{"start":{"line":157,"column":8},"end":{"line":157,"column":8}},{"start":{"line":157,"column":8},"end":{"line":157,"column":8}}]}}},
"contracts/interface/ERC_165.interface.sol":{"l":{},"path":"/home/appinventiv/Desktop/Erc721_Token/contracts/interface/ERC_165.interface.sol","s":{},"b":{},"f":{},"fnMap":{},"statementMap":{},"branchMap":{}},
"contracts/interface/ERC_721.interface.sol":{"l":{},"path":"/home/appinventiv/Desktop/Erc721_Token/contracts/interface/ERC_721.interface.sol","s":{},"b":{},"f":{},"fnMap":{},"statementMap":{},"branchMap":{}},
"contracts/interface/ERC721_Receiver.interface.sol":{"l":{},"path":"/home/appinventiv/Desktop/Erc721_Token/contracts/interface/ERC721_Receiver.interface.sol","s":{},"b":{},"f":{},"fnMap":{},"statementMap":{},"branchMap":{}},
"contracts/MyNFT .sol":{"l":{"8":21,"12":3,"13":2},"path":"/home/appinventiv/Desktop/Erc721_Token/contracts/MyNFT .sol","s":{"1":21,"2":3,"3":2},"b":{"1":[2,1]},"f":{"1":21,"2":3},"fnMap":{"1":{"name":"mint","line":7,"loc":{"start":{"line":7,"column":4},"end":{"line":9,"column":4}}},"2":{"name":"burn","line":11,"loc":{"start":{"line":11,"column":4},"end":{"line":14,"column":4}}}},"statementMap":{"1":{"start":{"line":8,"column":8},"end":{"line":8,"column":20}},"2":{"start":{"line":12,"column":8},"end":{"line":12,"column":55}},"3":{"start":{"line":13,"column":8},"end":{"line":13,"column":16}}},"branchMap":{"1":{"line":12,"type":"if","locations":[{"start":{"line":12,"column":8},"end":{"line":12,"column":8}},{"start":{"line":12,"column":8},"end":{"line":12,"column":8}}]}}},
"contracts/Receiver.sol":{"l":{"14":1},"path":"/home/appinventiv/Desktop/Erc721_Token/contracts/Receiver.sol","s":{"1":1},"b":{},"f":{"1":1},"fnMap":{"1":{"name":"onERC721Received","line":8,"loc":{"start":{"line":8,"column":4},"end":{"line":15,"column":4}}}},"statementMap":{"1":{"start":{"line":14,"column":8},"end":{"line":14,"column":45}}},"branchMap":{}}}
