TN:
SF:/home/appinventiv/Desktop/Erc721_Token/contracts/ERC_721.sol
FN:24,constructor
FN:37,supportsInterface
FN:47,ownerOf
FN:52,balanceOf
FN:57,setApprovalForAll
FN:62,approve
FN:74,getApproved
FN:79,_isApprovedOrOwner
FN:89,transferFrom
FN:108,safeTransferFrom
FN:124,safeTransferFrom
FN:145,_mint
FN:155,_burn
FNF:13
FNH:12
FNDA:66,constructor
FNDA:0,supportsInterface
FNDA:5,ownerOf
FNDA:8,balanceOf
FNDA:1,setApprovalForAll
FNDA:3,approve
FNDA:1,getApproved
FNDA:5,_isApprovedOrOwner
FNDA:6,transferFrom
FNDA:2,safeTransferFrom
FNDA:1,safeTransferFrom
FNDA:21,_mint
FNDA:2,_burn
DA:25,66
DA:26,66
DA:42,0
DA:48,5
DA:49,5
DA:53,8
DA:54,8
DA:58,1
DA:59,1
DA:63,3
DA:64,3
DA:69,2
DA:71,2
DA:75,1
DA:76,1
DA:84,5
DA:94,6
DA:95,6
DA:97,5
DA:99,4
DA:100,4
DA:101,4
DA:103,4
DA:105,4
DA:109,2
DA:111,2
DA:130,1
DA:132,1
DA:146,21
DA:147,20
DA:149,18
DA:150,18
DA:152,18
DA:156,2
DA:157,2
DA:159,2
DA:161,2
DA:162,2
DA:164,2
LF:39
LH:38
BRDA:43,1,0,0
BRDA:43,1,1,0
BRDA:49,2,0,5
BRDA:49,2,1,0
BRDA:53,3,0,8
BRDA:53,3,1,0
BRDA:64,4,0,2
BRDA:64,4,1,1
BRDA:65,5,0,2
BRDA:65,5,1,0
BRDA:75,6,0,1
BRDA:75,6,1,0
BRDA:84,7,0,4
BRDA:84,7,1,0
BRDA:84,8,0,0
BRDA:84,8,1,0
BRDA:94,9,0,6
BRDA:94,9,1,0
BRDA:95,10,0,5
BRDA:95,10,1,1
BRDA:97,11,0,4
BRDA:97,11,1,1
BRDA:111,12,0,2
BRDA:111,12,1,0
BRDA:112,13,0,1
BRDA:112,13,1,1
BRDA:132,14,0,1
BRDA:132,14,1,0
BRDA:133,15,0,1
BRDA:133,15,1,0
BRDA:146,16,0,20
BRDA:146,16,1,1
BRDA:147,17,0,18
BRDA:147,17,1,2
BRDA:157,18,0,2
BRDA:157,18,1,0
BRF:36
BRH:22
end_of_record
TN:
SF:/home/appinventiv/Desktop/Erc721_Token/contracts/interface/ERC_165.interface.sol
FNF:0
FNH:0
LF:0
LH:0
BRF:0
BRH:0
end_of_record
TN:
SF:/home/appinventiv/Desktop/Erc721_Token/contracts/interface/ERC_721.interface.sol
FNF:0
FNH:0
LF:0
LH:0
BRF:0
BRH:0
end_of_record
TN:
SF:/home/appinventiv/Desktop/Erc721_Token/contracts/interface/ERC721_Receiver.interface.sol
FNF:0
FNH:0
LF:0
LH:0
BRF:0
BRH:0
end_of_record
TN:
SF:/home/appinventiv/Desktop/Erc721_Token/contracts/MyNFT .sol
FN:7,mint
FN:11,burn
FNF:2
FNH:2
FNDA:21,mint
FNDA:3,burn
DA:8,21
DA:12,3
DA:13,2
LF:3
LH:3
BRDA:12,1,0,2
BRDA:12,1,1,1
BRF:2
BRH:2
end_of_record
TN:
SF:/home/appinventiv/Desktop/Erc721_Token/contracts/Receiver.sol
FN:8,onERC721Received
FNF:1
FNH:1
FNDA:1,onERC721Received
DA:14,1
LF:1
LH:1
BRF:0
BRH:0
end_of_record
